**** The Simulator log: stage 2
0.0,OOP_Ex0_Elevator_Simulator
0.0,Simulated Building, ex0.simulator.Builging_A [-2,10]
0) ex0.simulator.Elevator_A, Elev_0, speed: 1.0, open/close: 2.0,  start/stop: 3.0
1) ex0.simulator.Elevator_A, Elev_1, speed: 1.0, open/close: 2.0,  start/stop: 3.0
0.0,Simulated Period starTime,0.0,  endTime,1000.0,  dt,1.0
0.0,Simulated  calls,Elevetor log, size: 100
0.0,**** Simulation starts!! ****
5.0, elevID,0,  pos,-2,  cmd, goto,0
5.0,Elevator call,4.374727290393253,0,-1,1,0, got allocated to elevator, 0
17.0,Elevator call,16.957882888088932,-1,0,1,0, got allocated to elevator, 0
17.0,Elev,0,  arrived at src, 0, Elevator call,4.374727290393253,0,-1,2,0
17.0, elevID,0,  pos,0,  cmd, goto,-1
23.0, elevID,1,  pos,-2,  cmd, goto,0
23.0,Elevator call,22.094056301593582,0,-1,1,1, got allocated to elevator, 1
28.0,Elev,0,  arrived at dest, -1, this call is done!, Elevator call,4.374727290393253,0,-1,3,0, Done, dt, 23.625272709606747
28.0,Elev,0,  arrived at src, -1, Elevator call,16.957882888088932,-1,0,2,0
28.0, elevID,0,  pos,-1,  cmd, goto,-1
29.0, elevID,0,  pos,-1,  cmd, goto,0
35.0,Elev,1,  arrived at src, 0, Elevator call,22.094056301593582,0,-1,2,1
35.0, elevID,1,  pos,0,  cmd, goto,-1
40.0,Elev,0,  arrived at dest, 0, this call is done!, Elevator call,16.957882888088932,-1,0,3,0, Done, dt, 23.042117111911068
46.0,Elev,1,  arrived at dest, -1, this call is done!, Elevator call,22.094056301593582,0,-1,3,1, Done, dt, 23.905943698406418
86.0, elevID,0,  pos,0,  cmd, goto,3
86.0,Elevator call,85.5209666204754,3,2,1,0, got allocated to elevator, 0
92.0, elevID,1,  pos,-1,  cmd, goto,-1
92.0,Elevator call,91.21019413453945,-1,-2,1,1, got allocated to elevator, 1
92.0,Elev,1,  arrived at src, -1, Elevator call,91.21019413453945,-1,-2,2,1
92.0, elevID,1,  pos,-1,  cmd, goto,-2
99.0,Elev,0,  arrived at src, 3, Elevator call,85.5209666204754,3,2,2,0
99.0, elevID,0,  pos,3,  cmd, goto,2
103.0,Elev,1,  arrived at dest, -2, this call is done!, Elevator call,91.21019413453945,-1,-2,3,1, Done, dt, 11.78980586546055
105.0, elevID,1,  pos,-2,  cmd, goto,0
105.0,Elevator call,104.13701241869234,0,4,1,1, got allocated to elevator, 1
110.0,Elevator call,109.21352909346587,-1,0,1,0, got allocated to elevator, 0
110.0,Elev,0,  arrived at dest, 2, this call is done!, Elevator call,85.5209666204754,3,2,3,0, Done, dt, 24.479033379524594
110.0, elevID,0,  pos,2,  cmd, goto,-1
115.0,Elevator call,114.39235096774041,3,0,1,0, got allocated to elevator, 0
117.0,Elev,1,  arrived at src, 0, Elevator call,104.13701241869234,0,4,2,1
117.0, elevID,1,  pos,0,  cmd, goto,4
123.0,Elev,0,  arrived at src, -1, Elevator call,109.21352909346587,-1,0,2,0
123.0, elevID,0,  pos,-1,  cmd, goto,0
125.0,Elevator call,124.42557095980362,0,9,1,0, got allocated to elevator, 0
131.0,Elevator call,130.02495678190564,8,10,1,1, got allocated to elevator, 1
131.0,Elevator call,130.224911275492,-1,1,1,0, got allocated to elevator, 0
131.0,Elev,1,  arrived at dest, 4, this call is done!, Elevator call,104.13701241869234,0,4,3,1, Done, dt, 26.862987581307664
131.0, elevID,1,  pos,4,  cmd, goto,8
134.0,Elev,0,  arrived at dest, 0, this call is done!, Elevator call,109.21352909346587,-1,0,3,0, Done, dt, 24.786470906534134
134.0,Elev,0,  arrived at src, 0, Elevator call,124.42557095980362,0,9,2,0
134.0, elevID,0,  pos,0,  cmd, goto,-1
138.0,Elevator call,137.9515274326701,0,4,1,0, got allocated to elevator, 0
144.0,Elevator call,143.91335838799415,0,6,1,0, got allocated to elevator, 0
145.0,Elev,0,  arrived at src, -1, Elevator call,130.224911275492,-1,1,2,0
145.0, elevID,0,  pos,-1,  cmd, goto,0
145.0,Elev,1,  arrived at src, 8, Elevator call,130.02495678190564,8,10,2,1
145.0, elevID,1,  pos,8,  cmd, goto,10
156.0,Elev,0,  arrived at src, 0, Elevator call,137.9515274326701,0,4,2,0
156.0,Elev,0,  arrived at src, 0, Elevator call,143.91335838799415,0,6,2,0
156.0, elevID,0,  pos,0,  cmd, goto,0
157.0, elevID,0,  pos,0,  cmd, goto,0
157.0,Elev,1,  arrived at dest, 10, this call is done!, Elevator call,130.02495678190564,8,10,3,1, Done, dt, 26.975043218094356
158.0, elevID,0,  pos,0,  cmd, goto,1
169.0,Elev,0,  arrived at dest, 1, this call is done!, Elevator call,130.224911275492,-1,1,3,0, Done, dt, 38.77508872450801
169.0, elevID,0,  pos,1,  cmd, goto,4
170.0,Elevator call,169.78458339380109,-1,0,1,0, got allocated to elevator, 0
171.0,Elevator call,170.0099620835246,0,6,1,0, got allocated to elevator, 0
172.0,Elevator call,171.21173315221364,-1,8,1,0, got allocated to elevator, 0
175.0,Elevator call,174.84385152106802,0,-1,1,0, got allocated to elevator, 0
182.0,Elev,0,  arrived at dest, 4, this call is done!, Elevator call,137.9515274326701,0,4,3,0, Done, dt, 44.048472567329895
182.0, elevID,0,  pos,4,  cmd, goto,-1
188.0,Elevator call,187.11678617348463,-1,-2,1,0, got allocated to elevator, 0
188.0,Elevator call,187.7299317966884,-1,-2,1,0, got allocated to elevator, 0
196.0,Elevator call,195.90869649656992,0,7,1,0, got allocated to elevator, 0
197.0,Elev,0,  arrived at src, -1, Elevator call,169.78458339380109,-1,0,2,0
197.0,Elev,0,  arrived at src, -1, Elevator call,171.21173315221364,-1,8,2,0
197.0,Elev,0,  arrived at src, -1, Elevator call,187.11678617348463,-1,-2,2,0
197.0,Elev,0,  arrived at src, -1, Elevator call,187.7299317966884,-1,-2,2,0
197.0, elevID,0,  pos,-1,  cmd, goto,-1
198.0,Elevator call,197.5359191292572,-1,1,1,0, got allocated to elevator, 0
198.0,Elev,0,  arrived at src, -1, Elevator call,197.5359191292572,-1,1,2,0
198.0, elevID,0,  pos,-1,  cmd, goto,-1
199.0, elevID,0,  pos,-1,  cmd, goto,0
206.0,Elevator call,205.9895199338651,-1,0,1,0, got allocated to elevator, 0
210.0,Elev,0,  arrived at dest, 0, this call is done!, Elevator call,169.78458339380109,-1,0,3,0, Done, dt, 40.215416606198914
210.0,Elev,0,  arrived at src, 0, Elevator call,170.0099620835246,0,6,2,0
210.0,Elev,0,  arrived at src, 0, Elevator call,174.84385152106802,0,-1,2,0
210.0,Elev,0,  arrived at src, 0, Elevator call,195.90869649656992,0,7,2,0
210.0, elevID,0,  pos,0,  cmd, goto,-1
221.0,Elev,0,  arrived at dest, -1, this call is done!, Elevator call,174.84385152106802,0,-1,3,0, Done, dt, 46.15614847893198
221.0,Elev,0,  arrived at src, -1, Elevator call,205.9895199338651,-1,0,2,0
221.0, elevID,0,  pos,-1,  cmd, goto,0
228.0,Elevator call,227.0798304557929,-1,5,1,0, got allocated to elevator, 0
232.0,Elevator call,231.51578817426258,-1,0,1,0, got allocated to elevator, 0
232.0,Elev,0,  arrived at dest, 0, this call is done!, Elevator call,205.9895199338651,-1,0,3,0, Done, dt, 26.010480066134903
232.0, elevID,0,  pos,0,  cmd, goto,-1
233.0,Elevator call,232.95043623946805,0,-1,1,0, got allocated to elevator, 0
243.0,Elev,0,  arrived at src, -1, Elevator call,227.0798304557929,-1,5,2,0
243.0,Elev,0,  arrived at src, -1, Elevator call,231.51578817426258,-1,0,2,0
243.0, elevID,0,  pos,-1,  cmd, goto,-1
244.0, elevID,0,  pos,-1,  cmd, goto,0
252.0,Elevator call,251.10444690749756,-1,-2,1,0, got allocated to elevator, 0
252.0,Elevator call,251.23593354161653,0,9,1,0, got allocated to elevator, 0
255.0,Elevator call,254.69771525200505,3,4,1,0, got allocated to elevator, 0
255.0,Elev,0,  arrived at dest, 0, this call is done!, Elevator call,231.51578817426258,-1,0,3,0, Done, dt, 23.484211825737418
255.0,Elev,0,  arrived at src, 0, Elevator call,232.95043623946805,0,-1,2,0
255.0,Elev,0,  arrived at src, 0, Elevator call,251.23593354161653,0,9,2,0
255.0, elevID,0,  pos,0,  cmd, goto,0
256.0, elevID,0,  pos,0,  cmd, goto,0
257.0, elevID,0,  pos,0,  cmd, goto,0
258.0,Elevator call,257.7974435335086,-1,0,1,0, got allocated to elevator, 0
258.0, elevID,0,  pos,0,  cmd, goto,-1
269.0,Elev,0,  arrived at dest, -1, this call is done!, Elevator call,232.95043623946805,0,-1,3,0, Done, dt, 36.04956376053195
269.0,Elev,0,  arrived at src, -1, Elevator call,251.10444690749756,-1,-2,2,0
269.0,Elev,0,  arrived at src, -1, Elevator call,257.7974435335086,-1,0,2,0
269.0, elevID,0,  pos,-1,  cmd, goto,0
280.0,Elev,0,  arrived at dest, 0, this call is done!, Elevator call,257.7974435335086,-1,0,3,0, Done, dt, 22.202556466491387
280.0, elevID,0,  pos,0,  cmd, goto,1
291.0,Elev,0,  arrived at dest, 1, this call is done!, Elevator call,197.5359191292572,-1,1,3,0, Done, dt, 93.4640808707428
291.0, elevID,0,  pos,1,  cmd, goto,3
296.0,Elevator call,295.7943356681491,0,1,1,0, got allocated to elevator, 0
303.0,Elev,0,  arrived at src, 3, Elevator call,114.39235096774041,3,0,2,0
303.0,Elev,0,  arrived at src, 3, Elevator call,254.69771525200505,3,4,2,0
303.0, elevID,0,  pos,3,  cmd, goto,0
305.0, elevID,1,  pos,10,  cmd, goto,6
305.0,Elevator call,304.99843880775313,6,0,1,1, got allocated to elevator, 1
310.0,Elevator call,309.30053828560517,0,-1,1,0, got allocated to elevator, 0
313.0,Elevator call,312.30185564398687,0,-1,1,0, got allocated to elevator, 0
316.0,Elev,0,  arrived at dest, 0, this call is done!, Elevator call,114.39235096774041,3,0,3,0, Done, dt, 201.6076490322596
316.0,Elev,0,  arrived at src, 0, Elevator call,295.7943356681491,0,1,2,0
316.0,Elev,0,  arrived at src, 0, Elevator call,309.30053828560517,0,-1,2,0
316.0,Elev,0,  arrived at src, 0, Elevator call,312.30185564398687,0,-1,2,0
316.0, elevID,0,  pos,0,  cmd, goto,1
317.0,Elevator call,316.03237827404377,0,-1,1,0, got allocated to elevator, 0
319.0,Elev,1,  arrived at src, 6, Elevator call,304.99843880775313,6,0,2,1
319.0, elevID,1,  pos,6,  cmd, goto,0
320.0,Elevator call,319.90520204415634,6,5,1,1, got allocated to elevator, 1
321.0,Elevator call,320.97607492210807,-1,0,1,0, got allocated to elevator, 0
322.0,Elevator call,321.37040904796595,7,-1,1,1, got allocated to elevator, 1
327.0,Elev,0,  arrived at dest, 1, this call is done!, Elevator call,295.7943356681491,0,1,3,0, Done, dt, 31.205664331850926
327.0, elevID,0,  pos,1,  cmd, goto,-1
333.0,Elevator call,332.4267319393355,0,10,1,0, got allocated to elevator, 0
335.0,Elev,1,  arrived at dest, 0, this call is done!, Elevator call,304.99843880775313,6,0,3,1, Done, dt, 30.001561192246868
335.0, elevID,1,  pos,0,  cmd, goto,7
337.0,Elevator call,336.93043046159545,-1,0,1,0, got allocated to elevator, 0
339.0,Elev,0,  arrived at dest, -1, this call is done!, Elevator call,309.30053828560517,0,-1,3,0, Done, dt, 29.69946171439483
339.0,Elev,0,  arrived at dest, -1, this call is done!, Elevator call,312.30185564398687,0,-1,3,0, Done, dt, 26.69814435601313
339.0,Elev,0,  arrived at src, -1, Elevator call,320.97607492210807,-1,0,2,0
339.0,Elev,0,  arrived at src, -1, Elevator call,336.93043046159545,-1,0,2,0
339.0, elevID,0,  pos,-1,  cmd, goto,-1
340.0, elevID,0,  pos,-1,  cmd, goto,0
351.0,Elev,0,  arrived at src, 0, Elevator call,316.03237827404377,0,-1,2,0
351.0,Elev,0,  arrived at dest, 0, this call is done!, Elevator call,320.97607492210807,-1,0,3,0, Done, dt, 30.02392507789193
351.0,Elev,0,  arrived at src, 0, Elevator call,332.4267319393355,0,10,2,0
351.0,Elev,0,  arrived at dest, 0, this call is done!, Elevator call,336.93043046159545,-1,0,3,0, Done, dt, 14.06956953840455
351.0, elevID,0,  pos,0,  cmd, goto,0
352.0, elevID,0,  pos,0,  cmd, goto,0
352.0,Elev,1,  arrived at src, 7, Elevator call,321.37040904796595,7,-1,2,1
352.0, elevID,1,  pos,7,  cmd, goto,6
353.0, elevID,0,  pos,0,  cmd, goto,4
363.0,Elev,1,  arrived at src, 6, Elevator call,319.90520204415634,6,5,2,1
363.0, elevID,1,  pos,6,  cmd, goto,5
367.0,Elev,0,  arrived at dest, 4, this call is done!, Elevator call,254.69771525200505,3,4,3,0, Done, dt, 112.30228474799495
367.0, elevID,0,  pos,4,  cmd, goto,5
374.0,Elev,1,  arrived at dest, 5, this call is done!, Elevator call,319.90520204415634,6,5,3,1, Done, dt, 54.09479795584366
374.0, elevID,1,  pos,5,  cmd, goto,-1
376.0,Elevator call,375.49048095381363,1,0,1,0, got allocated to elevator, 0
378.0,Elev,0,  arrived at dest, 5, this call is done!, Elevator call,227.0798304557929,-1,5,3,0, Done, dt, 150.9201695442071
378.0, elevID,0,  pos,5,  cmd, goto,6
389.0,Elev,0,  arrived at dest, 6, this call is done!, Elevator call,143.91335838799415,0,6,3,0, Done, dt, 245.08664161200585
389.0,Elev,0,  arrived at dest, 6, this call is done!, Elevator call,170.0099620835246,0,6,3,0, Done, dt, 218.9900379164754
389.0, elevID,0,  pos,6,  cmd, goto,6
390.0, elevID,0,  pos,6,  cmd, goto,7
390.0,Elev,1,  arrived at dest, -1, this call is done!, Elevator call,321.37040904796595,7,-1,3,1, Done, dt, 68.62959095203405
393.0, elevID,1,  pos,-1,  cmd, goto,0
393.0,Elevator call,392.5160764870397,0,5,1,1, got allocated to elevator, 1
401.0,Elev,0,  arrived at dest, 7, this call is done!, Elevator call,195.90869649656992,0,7,3,0, Done, dt, 205.09130350343008
401.0, elevID,0,  pos,7,  cmd, goto,8
404.0,Elev,1,  arrived at src, 0, Elevator call,392.5160764870397,0,5,2,1
404.0, elevID,1,  pos,0,  cmd, goto,5
406.0,Elevator call,405.1821140884023,-1,10,1,1, got allocated to elevator, 1
412.0,Elev,0,  arrived at dest, 8, this call is done!, Elevator call,171.21173315221364,-1,8,3,0, Done, dt, 240.78826684778636
412.0, elevID,0,  pos,8,  cmd, goto,9
419.0,Elev,1,  arrived at dest, 5, this call is done!, Elevator call,392.5160764870397,0,5,3,1, Done, dt, 26.483923512960303
419.0, elevID,1,  pos,5,  cmd, goto,-1
423.0,Elev,0,  arrived at dest, 9, this call is done!, Elevator call,124.42557095980362,0,9,3,0, Done, dt, 298.5744290401964
423.0,Elev,0,  arrived at dest, 9, this call is done!, Elevator call,251.23593354161653,0,9,3,0, Done, dt, 171.76406645838347
423.0, elevID,0,  pos,9,  cmd, goto,9
424.0, elevID,0,  pos,9,  cmd, goto,10
427.0,Elevator call,426.8615805478589,2,0,1,1, got allocated to elevator, 1
435.0,Elev,0,  arrived at dest, 10, this call is done!, Elevator call,332.4267319393355,0,10,3,0, Done, dt, 102.57326806066447
435.0, elevID,0,  pos,10,  cmd, goto,3
435.0,Elev,1,  arrived at src, -1, Elevator call,405.1821140884023,-1,10,2,1
435.0, elevID,1,  pos,-1,  cmd, goto,10
438.0,Elevator call,437.17111576125836,1,0,1,1, got allocated to elevator, 1
452.0, elevID,0,  pos,3,  cmd, goto,1
456.0,Elev,1,  arrived at dest, 10, this call is done!, Elevator call,405.1821140884023,-1,10,3,1, Done, dt, 50.81788591159773
456.0, elevID,1,  pos,10,  cmd, goto,2
464.0,Elev,0,  arrived at src, 1, Elevator call,375.49048095381363,1,0,2,0
464.0, elevID,0,  pos,1,  cmd, goto,0
473.0,Elevator call,472.7445473930129,10,-1,1,1, got allocated to elevator, 1
474.0,Elev,1,  arrived at src, 2, Elevator call,426.8615805478589,2,0,2,1
474.0, elevID,1,  pos,2,  cmd, goto,10
475.0,Elev,0,  arrived at dest, 0, this call is done!, Elevator call,375.49048095381363,1,0,3,0, Done, dt, 99.50951904618637
475.0, elevID,0,  pos,0,  cmd, goto,0
476.0, elevID,0,  pos,0,  cmd, goto,0
477.0, elevID,0,  pos,0,  cmd, goto,0
478.0, elevID,0,  pos,0,  cmd, goto,0
479.0, elevID,0,  pos,0,  cmd, goto,0
480.0, elevID,0,  pos,0,  cmd, goto,0
481.0, elevID,0,  pos,0,  cmd, goto,-1
492.0,Elev,0,  arrived at dest, -1, this call is done!, Elevator call,316.03237827404377,0,-1,3,0, Done, dt, 175.96762172595623
492.0, elevID,0,  pos,-1,  cmd, goto,-1
492.0,Elev,1,  arrived at src, 10, Elevator call,472.7445473930129,10,-1,2,1
492.0, elevID,1,  pos,10,  cmd, goto,1
493.0, elevID,0,  pos,-1,  cmd, goto,-1
494.0, elevID,0,  pos,-1,  cmd, goto,-1
495.0, elevID,0,  pos,-1,  cmd, goto,-1
496.0, elevID,0,  pos,-1,  cmd, goto,-1
497.0, elevID,0,  pos,-1,  cmd, goto,-1
498.0, elevID,0,  pos,-1,  cmd, goto,-1
499.0, elevID,0,  pos,-1,  cmd, goto,-2
501.0,Elevator call,500.3712044996745,8,-1,1,1, got allocated to elevator, 1
504.0,Elevator call,503.13847841893045,1,-1,1,0, got allocated to elevator, 0
505.0,Elevator call,504.4317942159655,0,-1,1,0, got allocated to elevator, 0
510.0,Elev,0,  arrived at dest, -2, this call is done!, Elevator call,187.11678617348463,-1,-2,3,0, Done, dt, 322.8832138265154
510.0,Elev,0,  arrived at dest, -2, this call is done!, Elevator call,187.7299317966884,-1,-2,3,0, Done, dt, 322.2700682033116
510.0,Elev,0,  arrived at dest, -2, this call is done!, Elevator call,251.10444690749756,-1,-2,3,0, Done, dt, 258.89555309250244
510.0, elevID,0,  pos,-2,  cmd, goto,1
511.0,Elev,1,  arrived at src, 1, Elevator call,437.17111576125836,1,0,2,1
511.0, elevID,1,  pos,1,  cmd, goto,8
523.0,Elev,0,  arrived at src, 1, Elevator call,503.13847841893045,1,-1,2,0
523.0, elevID,0,  pos,1,  cmd, goto,0
528.0,Elev,1,  arrived at src, 8, Elevator call,500.3712044996745,8,-1,2,1
528.0, elevID,1,  pos,8,  cmd, goto,0
530.0,Elevator call,529.6277472128405,3,-1,1,0, got allocated to elevator, 0
534.0,Elev,0,  arrived at src, 0, Elevator call,504.4317942159655,0,-1,2,0
534.0, elevID,0,  pos,0,  cmd, goto,3
538.0,Elevator call,537.7866883694313,-1,6,1,0, got allocated to elevator, 0
545.0,Elevator call,544.7880392034898,6,-1,1,0, got allocated to elevator, 0
546.0,Elev,1,  arrived at dest, 0, this call is done!, Elevator call,426.8615805478589,2,0,3,1, Done, dt, 119.13841945214108
546.0,Elev,1,  arrived at dest, 0, this call is done!, Elevator call,437.17111576125836,1,0,3,1, Done, dt, 108.82888423874164
546.0, elevID,1,  pos,0,  cmd, goto,0
547.0,Elev,0,  arrived at src, 3, Elevator call,529.6277472128405,3,-1,2,0
547.0, elevID,0,  pos,3,  cmd, goto,6
547.0, elevID,1,  pos,0,  cmd, goto,-1
555.0,Elevator call,554.0892922920482,4,0,1,0, got allocated to elevator, 0
558.0,Elevator call,557.2441390036331,10,0,1,0, got allocated to elevator, 0
558.0,Elev,1,  arrived at dest, -1, this call is done!, Elevator call,472.7445473930129,10,-1,3,1, Done, dt, 85.25545260698709
558.0,Elev,1,  arrived at dest, -1, this call is done!, Elevator call,500.3712044996745,8,-1,3,1, Done, dt, 57.62879550032551
558.0, elevID,1,  pos,-1,  cmd, goto,-1
560.0,Elev,0,  arrived at src, 6, Elevator call,544.7880392034898,6,-1,2,0
560.0, elevID,0,  pos,6,  cmd, goto,10
566.0, elevID,1,  pos,-1,  cmd, goto,0
566.0,Elevator call,565.0195521745534,0,-1,1,1, got allocated to elevator, 1
574.0,Elev,0,  arrived at src, 10, Elevator call,557.2441390036331,10,0,2,0
574.0, elevID,0,  pos,10,  cmd, goto,4
577.0,Elev,1,  arrived at src, 0, Elevator call,565.0195521745534,0,-1,2,1
577.0, elevID,1,  pos,0,  cmd, goto,-1
582.0,Elevator call,581.8703090238192,0,3,1,1, got allocated to elevator, 1
588.0,Elev,1,  arrived at dest, -1, this call is done!, Elevator call,565.0195521745534,0,-1,3,1, Done, dt, 22.980447825446618
588.0, elevID,1,  pos,-1,  cmd, goto,0
590.0,Elev,0,  arrived at src, 4, Elevator call,554.0892922920482,4,0,2,0
590.0, elevID,0,  pos,4,  cmd, goto,0
597.0,Elevator call,596.1232022872633,8,0,1,0, got allocated to elevator, 0
599.0,Elev,1,  arrived at src, 0, Elevator call,581.8703090238192,0,3,2,1
599.0, elevID,1,  pos,0,  cmd, goto,3
601.0,Elevator call,600.9312879686208,1,0,1,0, got allocated to elevator, 0
604.0,Elevator call,603.9342326983083,7,0,1,0, got allocated to elevator, 0
604.0,Elev,0,  arrived at dest, 0, this call is done!, Elevator call,554.0892922920482,4,0,3,0, Done, dt, 49.910707707951815
604.0,Elev,0,  arrived at dest, 0, this call is done!, Elevator call,557.2441390036331,10,0,3,0, Done, dt, 46.75586099636689
604.0, elevID,0,  pos,0,  cmd, goto,8
612.0,Elev,1,  arrived at dest, 3, this call is done!, Elevator call,581.8703090238192,0,3,3,1, Done, dt, 30.12969097618077
618.0, elevID,1,  pos,3,  cmd, goto,0
618.0,Elevator call,617.9628338542149,0,3,1,1, got allocated to elevator, 1
620.0,Elevator call,619.6454196970012,9,0,1,0, got allocated to elevator, 0
622.0,Elev,0,  arrived at src, 8, Elevator call,596.1232022872633,8,0,2,0
622.0, elevID,0,  pos,8,  cmd, goto,9
627.0,Elevator call,626.2116172047942,0,1,1,1, got allocated to elevator, 1
631.0,Elev,1,  arrived at src, 0, Elevator call,617.9628338542149,0,3,2,1
631.0,Elev,1,  arrived at src, 0, Elevator call,626.2116172047942,0,1,2,1
631.0, elevID,1,  pos,0,  cmd, goto,0
632.0, elevID,1,  pos,0,  cmd, goto,1
633.0,Elev,0,  arrived at src, 9, Elevator call,619.6454196970012,9,0,2,0
633.0, elevID,0,  pos,9,  cmd, goto,7
643.0,Elev,1,  arrived at dest, 1, this call is done!, Elevator call,626.2116172047942,0,1,3,1, Done, dt, 16.788382795205848
643.0, elevID,1,  pos,1,  cmd, goto,3
644.0,Elevator call,643.8547514955396,-1,2,1,1, got allocated to elevator, 1
645.0,Elev,0,  arrived at src, 7, Elevator call,603.9342326983083,7,0,2,0
645.0, elevID,0,  pos,7,  cmd, goto,1
655.0,Elev,1,  arrived at dest, 3, this call is done!, Elevator call,617.9628338542149,0,3,3,1, Done, dt, 37.037166145785136
655.0, elevID,1,  pos,3,  cmd, goto,-1
661.0,Elevator call,660.0732907797126,6,10,1,0, got allocated to elevator, 0
661.0,Elev,0,  arrived at src, 1, Elevator call,600.9312879686208,1,0,2,0
661.0, elevID,0,  pos,1,  cmd, goto,0
662.0,Elevator call,661.0420820268716,-1,3,1,0, got allocated to elevator, 0
663.0,Elevator call,662.1730527520776,-1,5,1,1, got allocated to elevator, 1
666.0,Elevator call,665.1155548533167,-1,8,1,1, got allocated to elevator, 1
667.0,Elevator call,666.0340294605869,4,0,1,0, got allocated to elevator, 0
667.0,Elevator call,666.2411586665262,5,-1,1,0, got allocated to elevator, 0
669.0,Elev,1,  arrived at src, -1, Elevator call,643.8547514955396,-1,2,2,1
669.0,Elev,1,  arrived at src, -1, Elevator call,662.1730527520776,-1,5,2,1
669.0,Elev,1,  arrived at src, -1, Elevator call,665.1155548533167,-1,8,2,1
669.0, elevID,1,  pos,-1,  cmd, goto,-1
670.0, elevID,1,  pos,-1,  cmd, goto,-1
671.0, elevID,1,  pos,-1,  cmd, goto,2
672.0,Elev,0,  arrived at dest, 0, this call is done!, Elevator call,596.1232022872633,8,0,3,0, Done, dt, 75.87679771273667
672.0,Elev,0,  arrived at dest, 0, this call is done!, Elevator call,600.9312879686208,1,0,3,0, Done, dt, 71.06871203137916
672.0,Elev,0,  arrived at dest, 0, this call is done!, Elevator call,603.9342326983083,7,0,3,0, Done, dt, 68.06576730169172
672.0,Elev,0,  arrived at dest, 0, this call is done!, Elevator call,619.6454196970012,9,0,3,0, Done, dt, 52.354580302998784
672.0, elevID,0,  pos,0,  cmd, goto,5
673.0,Elevator call,672.677314157026,0,-1,1,0, got allocated to elevator, 0
678.0,Elevator call,677.7341948387335,0,-1,1,0, got allocated to elevator, 0
679.0,Elevator call,678.9953584914538,-1,-2,1,0, got allocated to elevator, 0
684.0,Elev,1,  arrived at dest, 2, this call is done!, Elevator call,643.8547514955396,-1,2,3,1, Done, dt, 40.14524850446037
684.0, elevID,1,  pos,2,  cmd, goto,5
687.0,Elev,0,  arrived at src, 5, Elevator call,666.2411586665262,5,-1,2,0
687.0, elevID,0,  pos,5,  cmd, goto,4
696.0,Elevator call,695.2239881566923,0,10,1,0, got allocated to elevator, 0
697.0,Elev,1,  arrived at dest, 5, this call is done!, Elevator call,662.1730527520776,-1,5,3,1, Done, dt, 34.82694724792236
697.0, elevID,1,  pos,5,  cmd, goto,8
698.0,Elev,0,  arrived at src, 4, Elevator call,666.0340294605869,4,0,2,0
698.0, elevID,0,  pos,4,  cmd, goto,0
707.0,Elevator call,706.1583474999188,-1,-2,1,0, got allocated to elevator, 0
710.0,Elev,1,  arrived at dest, 8, this call is done!, Elevator call,665.1155548533167,-1,8,3,1, Done, dt, 44.88444514668333
711.0,Elevator call,710.3249770041223,0,1,1,0, got allocated to elevator, 0
712.0,Elev,0,  arrived at dest, 0, this call is done!, Elevator call,666.0340294605869,4,0,3,0, Done, dt, 45.96597053941309
712.0,Elev,0,  arrived at src, 0, Elevator call,672.677314157026,0,-1,2,0
712.0,Elev,0,  arrived at src, 0, Elevator call,677.7341948387335,0,-1,2,0
712.0,Elev,0,  arrived at src, 0, Elevator call,695.2239881566923,0,10,2,0
712.0,Elev,0,  arrived at src, 0, Elevator call,710.3249770041223,0,1,2,0
712.0, elevID,0,  pos,0,  cmd, goto,0
713.0, elevID,0,  pos,0,  cmd, goto,0
714.0,Elevator call,713.0191971398395,1,0,1,0, got allocated to elevator, 0
714.0, elevID,1,  pos,8,  cmd, goto,10
714.0,Elevator call,713.2499766424826,10,-1,1,1, got allocated to elevator, 1
714.0, elevID,0,  pos,0,  cmd, goto,1
723.0,Elevator call,722.6161212799507,10,0,1,1, got allocated to elevator, 1
725.0,Elev,0,  arrived at dest, 1, this call is done!, Elevator call,710.3249770041223,0,1,3,0, Done, dt, 14.675022995877725
725.0,Elev,0,  arrived at src, 1, Elevator call,713.0191971398395,1,0,2,0
725.0, elevID,0,  pos,1,  cmd, goto,0
726.0,Elev,1,  arrived at src, 10, Elevator call,713.2499766424826,10,-1,2,1
726.0,Elev,1,  arrived at src, 10, Elevator call,722.6161212799507,10,0,2,1
726.0, elevID,1,  pos,10,  cmd, goto,10
727.0, elevID,1,  pos,10,  cmd, goto,0
728.0,Elevator call,727.514602863032,-1,0,1,0, got allocated to elevator, 0
733.0,Elevator call,732.9746341348998,6,-1,1,1, got allocated to elevator, 1
736.0,Elev,0,  arrived at dest, 0, this call is done!, Elevator call,713.0191971398395,1,0,3,0, Done, dt, 22.980802860160452
736.0, elevID,0,  pos,0,  cmd, goto,0
737.0, elevID,0,  pos,0,  cmd, goto,0
738.0,Elevator call,737.314720213409,1,0,1,0, got allocated to elevator, 0
738.0, elevID,0,  pos,0,  cmd, goto,1
747.0,Elev,1,  arrived at dest, 0, this call is done!, Elevator call,722.6161212799507,10,0,3,1, Done, dt, 24.383878720049324
747.0, elevID,1,  pos,0,  cmd, goto,6
749.0,Elev,0,  arrived at src, 1, Elevator call,737.314720213409,1,0,2,0
749.0, elevID,0,  pos,1,  cmd, goto,0
760.0,Elev,0,  arrived at dest, 0, this call is done!, Elevator call,737.314720213409,1,0,3,0, Done, dt, 22.685279786590968
760.0, elevID,0,  pos,0,  cmd, goto,0
761.0, elevID,0,  pos,0,  cmd, goto,0
762.0, elevID,0,  pos,0,  cmd, goto,-1
763.0,Elev,1,  arrived at src, 6, Elevator call,732.9746341348998,6,-1,2,1
763.0, elevID,1,  pos,6,  cmd, goto,-1
773.0,Elev,0,  arrived at dest, -1, this call is done!, Elevator call,503.13847841893045,1,-1,3,0, Done, dt, 269.86152158106955
773.0,Elev,0,  arrived at dest, -1, this call is done!, Elevator call,504.4317942159655,0,-1,3,0, Done, dt, 268.5682057840345
773.0,Elev,0,  arrived at dest, -1, this call is done!, Elevator call,529.6277472128405,3,-1,3,0, Done, dt, 243.37225278715948
773.0,Elev,0,  arrived at src, -1, Elevator call,537.7866883694313,-1,6,2,0
773.0,Elev,0,  arrived at dest, -1, this call is done!, Elevator call,544.7880392034898,6,-1,3,0, Done, dt, 228.2119607965102
773.0,Elev,0,  arrived at src, -1, Elevator call,661.0420820268716,-1,3,2,0
773.0,Elev,0,  arrived at dest, -1, this call is done!, Elevator call,666.2411586665262,5,-1,3,0, Done, dt, 106.75884133347381
773.0,Elev,0,  arrived at dest, -1, this call is done!, Elevator call,672.677314157026,0,-1,3,0, Done, dt, 100.32268584297401
773.0,Elev,0,  arrived at dest, -1, this call is done!, Elevator call,677.7341948387335,0,-1,3,0, Done, dt, 95.26580516126648
773.0,Elev,0,  arrived at src, -1, Elevator call,678.9953584914538,-1,-2,2,0
773.0,Elev,0,  arrived at src, -1, Elevator call,706.1583474999188,-1,-2,2,0
773.0,Elev,0,  arrived at src, -1, Elevator call,727.514602863032,-1,0,2,0
773.0, elevID,0,  pos,-1,  cmd, goto,-1
774.0, elevID,0,  pos,-1,  cmd, goto,-1
775.0, elevID,0,  pos,-1,  cmd, goto,-1
776.0, elevID,0,  pos,-1,  cmd, goto,-1
777.0, elevID,0,  pos,-1,  cmd, goto,-1
778.0, elevID,0,  pos,-1,  cmd, goto,-1
779.0, elevID,0,  pos,-1,  cmd, goto,-1
780.0,Elevator call,779.399691386574,-1,5,1,0, got allocated to elevator, 0
780.0,Elev,0,  arrived at src, -1, Elevator call,779.399691386574,-1,5,2,0
780.0, elevID,0,  pos,-1,  cmd, goto,-1
780.0,Elev,1,  arrived at dest, -1, this call is done!, Elevator call,713.2499766424826,10,-1,3,1, Done, dt, 66.75002335751742
780.0,Elev,1,  arrived at dest, -1, this call is done!, Elevator call,732.9746341348998,6,-1,3,1, Done, dt, 47.025365865100184
780.0, elevID,1,  pos,-1,  cmd, goto,-1
781.0, elevID,0,  pos,-1,  cmd, goto,-2
792.0,Elev,0,  arrived at dest, -2, this call is done!, Elevator call,678.9953584914538,-1,-2,3,0, Done, dt, 113.00464150854623
792.0,Elev,0,  arrived at dest, -2, this call is done!, Elevator call,706.1583474999188,-1,-2,3,0, Done, dt, 85.84165250008118
792.0, elevID,0,  pos,-2,  cmd, goto,-2
793.0, elevID,0,  pos,-2,  cmd, goto,-2
794.0, elevID,0,  pos,-2,  cmd, goto,-2
794.0, elevID,0,  pos,-2,  cmd, goto,-1
805.0, elevID,0,  pos,-1,  cmd, goto,-1
806.0,Elevator call,805.6754743307536,-1,-2,1,0, got allocated to elevator, 0
806.0,Elev,0,  arrived at src, -1, Elevator call,805.6754743307536,-1,-2,2,0
806.0, elevID,0,  pos,-1,  cmd, goto,-1
807.0, elevID,0,  pos,-1,  cmd, goto,-1
808.0, elevID,0,  pos,-1,  cmd, goto,0
811.0, elevID,1,  pos,-1,  cmd, goto,2
811.0,Elevator call,810.4469089359914,2,0,1,1, got allocated to elevator, 1
817.0,Elevator call,816.1516998390152,7,-1,1,0, got allocated to elevator, 0
819.0,Elev,0,  arrived at dest, 0, this call is done!, Elevator call,727.514602863032,-1,0,3,0, Done, dt, 91.485397136968
819.0, elevID,0,  pos,0,  cmd, goto,0
820.0, elevID,0,  pos,0,  cmd, goto,0
821.0, elevID,0,  pos,0,  cmd, goto,1
824.0,Elev,1,  arrived at src, 2, Elevator call,810.4469089359914,2,0,2,1
824.0, elevID,1,  pos,2,  cmd, goto,0
826.0,Elevator call,825.4575184586336,7,0,1,1, got allocated to elevator, 1
832.0, elevID,0,  pos,1,  cmd, goto,3
836.0,Elev,1,  arrived at dest, 0, this call is done!, Elevator call,810.4469089359914,2,0,3,1, Done, dt, 25.55309106400864
836.0, elevID,1,  pos,0,  cmd, goto,7
840.0,Elevator call,839.8525652620532,0,1,1,1, got allocated to elevator, 1
844.0,Elev,0,  arrived at dest, 3, this call is done!, Elevator call,661.0420820268716,-1,3,3,0, Done, dt, 182.95791797312836
844.0, elevID,0,  pos,3,  cmd, goto,5
853.0,Elev,1,  arrived at src, 7, Elevator call,825.4575184586336,7,0,2,1
853.0, elevID,1,  pos,7,  cmd, goto,0
855.0,Elevator call,854.2002278085795,6,-1,1,0, got allocated to elevator, 0
856.0,Elev,0,  arrived at dest, 5, this call is done!, Elevator call,779.399691386574,-1,5,3,0, Done, dt, 76.60030861342602
856.0, elevID,0,  pos,5,  cmd, goto,6
864.0,Elevator call,863.893291272948,0,-1,1,1, got allocated to elevator, 1
867.0,Elev,0,  arrived at dest, 6, this call is done!, Elevator call,537.7866883694313,-1,6,3,0, Done, dt, 329.2133116305687
867.0,Elev,0,  arrived at src, 6, Elevator call,660.0732907797126,6,10,2,0
867.0,Elev,0,  arrived at src, 6, Elevator call,854.2002278085795,6,-1,2,0
867.0, elevID,0,  pos,6,  cmd, goto,6
868.0, elevID,0,  pos,6,  cmd, goto,10
870.0,Elev,1,  arrived at dest, 0, this call is done!, Elevator call,825.4575184586336,7,0,3,1, Done, dt, 44.54248154136644
870.0,Elev,1,  arrived at src, 0, Elevator call,839.8525652620532,0,1,2,1
870.0,Elev,1,  arrived at src, 0, Elevator call,863.893291272948,0,-1,2,1
870.0, elevID,1,  pos,0,  cmd, goto,0
871.0,Elevator call,870.5053023797483,0,7,1,1, got allocated to elevator, 1
871.0,Elev,1,  arrived at src, 0, Elevator call,870.5053023797483,0,7,2,1
871.0, elevID,1,  pos,0,  cmd, goto,-1
882.0,Elev,0,  arrived at dest, 10, this call is done!, Elevator call,660.0732907797126,6,10,3,0, Done, dt, 221.92670922028742
882.0,Elev,0,  arrived at dest, 10, this call is done!, Elevator call,695.2239881566923,0,10,3,0, Done, dt, 186.77601184330774
882.0, elevID,0,  pos,10,  cmd, goto,10
882.0, elevID,0,  pos,10,  cmd, goto,7
882.0,Elev,1,  arrived at dest, -1, this call is done!, Elevator call,863.893291272948,0,-1,3,1, Done, dt, 18.106708727052023
882.0, elevID,1,  pos,-1,  cmd, goto,0
887.0,Elevator call,886.5649993239458,-1,-2,1,1, got allocated to elevator, 1
893.0,Elevator call,892.5212150591021,9,-1,1,0, got allocated to elevator, 0
893.0, elevID,1,  pos,0,  cmd, goto,0
894.0, elevID,1,  pos,0,  cmd, goto,1
895.0,Elev,0,  arrived at src, 7, Elevator call,816.1516998390152,7,-1,2,0
895.0, elevID,0,  pos,7,  cmd, goto,9
905.0,Elev,1,  arrived at dest, 1, this call is done!, Elevator call,839.8525652620532,0,1,3,1, Done, dt, 65.14743473794681
905.0, elevID,1,  pos,1,  cmd, goto,7
907.0,Elev,0,  arrived at src, 9, Elevator call,892.5212150591021,9,-1,2,0
907.0, elevID,0,  pos,9,  cmd, goto,6
911.0,Elevator call,910.5388559417848,6,5,1,0, got allocated to elevator, 0
916.0,Elevator call,915.9490574608818,4,-1,1,0, got allocated to elevator, 0
920.0,Elev,0,  arrived at src, 6, Elevator call,910.5388559417848,6,5,2,0
920.0, elevID,0,  pos,6,  cmd, goto,6
921.0, elevID,0,  pos,6,  cmd, goto,5
921.0,Elev,1,  arrived at dest, 7, this call is done!, Elevator call,870.5053023797483,0,7,3,1, Done, dt, 50.49469762025171
921.0, elevID,1,  pos,7,  cmd, goto,-1
932.0,Elev,0,  arrived at dest, 5, this call is done!, Elevator call,910.5388559417848,6,5,3,0, Done, dt, 21.461144058215154
932.0, elevID,0,  pos,5,  cmd, goto,4
934.0,Elevator call,933.8580452488764,7,5,1,0, got allocated to elevator, 0
939.0,Elev,1,  arrived at src, -1, Elevator call,886.5649993239458,-1,-2,2,1
939.0, elevID,1,  pos,-1,  cmd, goto,-2
943.0,Elev,0,  arrived at src, 4, Elevator call,915.9490574608818,4,-1,2,0
943.0, elevID,0,  pos,4,  cmd, goto,7
950.0,Elev,1,  arrived at dest, -2, this call is done!, Elevator call,886.5649993239458,-1,-2,3,1, Done, dt, 63.43500067605419
956.0,Elev,0,  arrived at src, 7, Elevator call,933.8580452488764,7,5,2,0
956.0, elevID,0,  pos,7,  cmd, goto,5
962.0,Elevator call,961.6862855708133,6,-1,1,0, got allocated to elevator, 0
968.0,Elev,0,  arrived at dest, 5, this call is done!, Elevator call,933.8580452488764,7,5,3,0, Done, dt, 34.14195475112365
968.0, elevID,0,  pos,5,  cmd, goto,6
973.0, elevID,1,  pos,-2,  cmd, goto,1
973.0,Elevator call,972.8032126022729,1,0,1,1, got allocated to elevator, 1
976.0,Elevator call,975.8361202753667,0,-1,1,1, got allocated to elevator, 1
979.0,Elevator call,978.5925148564796,10,0,1,0, got allocated to elevator, 0
979.0,Elevator call,978.6210500641439,10,-1,1,0, got allocated to elevator, 0
979.0,Elev,0,  arrived at src, 6, Elevator call,961.6862855708133,6,-1,2,0
979.0, elevID,0,  pos,6,  cmd, goto,10
985.0,Elevator call,984.1840185574983,7,0,1,0, got allocated to elevator, 0
986.0,Elev,1,  arrived at src, 1, Elevator call,972.8032126022729,1,0,2,1
986.0, elevID,1,  pos,1,  cmd, goto,0
993.0,Elev,0,  arrived at src, 10, Elevator call,978.5925148564796,10,0,2,0
993.0,Elev,0,  arrived at src, 10, Elevator call,978.6210500641439,10,-1,2,0
993.0, elevID,0,  pos,10,  cmd, goto,10
994.0, elevID,0,  pos,10,  cmd, goto,7
997.0,Elev,1,  arrived at dest, 0, this call is done!, Elevator call,972.8032126022729,1,0,3,1, Done, dt, 24.19678739772712
997.0,Elev,1,  arrived at src, 0, Elevator call,975.8361202753667,0,-1,2,1
997.0, elevID,1,  pos,0,  cmd, goto,0
998.0, elevID,1,  pos,0,  cmd, goto,-1
1000.0,************* Simulation Ended ************
Code Owners,123456789,  Case,2,  Total waiting time: 9034.792822120187,  average waiting time per call: 90.34792822120187,  unCompleted calls,10,  certificate, -3030868502
