**** The Simulator log: stage 2
0.0,OOP_Ex0_Elevator_Simulator
0.0,Simulated Building, ex0.simulator.Builging_A [-2,10]
0) ex0.simulator.Elevator_A, Elev_0, speed: 1.0, open/close: 2.0,  start/stop: 3.0
1) ex0.simulator.Elevator_A, Elev_1, speed: 1.0, open/close: 2.0,  start/stop: 3.0
0.0,Simulated Period starTime,0.0,  endTime,1000.0,  dt,1.0
0.0,Simulated  calls,Elevetor log, size: 100
0.0,**** Simulation starts!! ****
5.0, elevID,0,  pos,-2,  cmd, goto,0
5.0,Elevator call,4.374727290393253,0,-1,1,0, got allocated to elevator, 0
17.0, elevID,1,  pos,-2,  cmd, goto,-1
17.0,Elevator call,16.957882888088932,-1,0,1,1, got allocated to elevator, 1
17.0,Elev,0,  arrived at src, 0, Elevator call,4.374727290393253,0,-1,2,0
17.0, elevID,0,  pos,0,  cmd, goto,-1
23.0,Elevator call,22.094056301593582,0,-1,1,0, got allocated to elevator, 0
28.0,Elev,0,  arrived at dest, -1, this call is done!, Elevator call,4.374727290393253,0,-1,3,0, Done, dt, 23.625272709606747
28.0, elevID,0,  pos,-1,  cmd, goto,0
28.0,Elev,1,  arrived at src, -1, Elevator call,16.957882888088932,-1,0,2,1
28.0, elevID,1,  pos,-1,  cmd, goto,0
39.0,Elev,0,  arrived at src, 0, Elevator call,22.094056301593582,0,-1,2,0
39.0, elevID,0,  pos,0,  cmd, goto,-1
39.0,Elev,1,  arrived at dest, 0, this call is done!, Elevator call,16.957882888088932,-1,0,3,1, Done, dt, 22.042117111911068
50.0,Elev,0,  arrived at dest, -1, this call is done!, Elevator call,22.094056301593582,0,-1,3,0, Done, dt, 27.905943698406418
86.0, elevID,1,  pos,0,  cmd, goto,3
86.0,Elevator call,85.5209666204754,3,2,1,1, got allocated to elevator, 1
92.0, elevID,0,  pos,-1,  cmd, goto,-1
92.0,Elevator call,91.21019413453945,-1,-2,1,0, got allocated to elevator, 0
92.0,Elev,0,  arrived at src, -1, Elevator call,91.21019413453945,-1,-2,2,0
92.0, elevID,0,  pos,-1,  cmd, goto,-2
99.0,Elev,1,  arrived at src, 3, Elevator call,85.5209666204754,3,2,2,1
99.0, elevID,1,  pos,3,  cmd, goto,2
103.0,Elev,0,  arrived at dest, -2, this call is done!, Elevator call,91.21019413453945,-1,-2,3,0, Done, dt, 11.78980586546055
105.0, elevID,0,  pos,-2,  cmd, goto,0
105.0,Elevator call,104.13701241869234,0,4,1,0, got allocated to elevator, 0
110.0,Elevator call,109.21352909346587,-1,0,1,0, got allocated to elevator, 0
110.0,Elev,1,  arrived at dest, 2, this call is done!, Elevator call,85.5209666204754,3,2,3,1, Done, dt, 24.479033379524594
115.0, elevID,1,  pos,2,  cmd, goto,3
115.0,Elevator call,114.39235096774041,3,0,1,1, got allocated to elevator, 1
117.0,Elev,0,  arrived at src, 0, Elevator call,104.13701241869234,0,4,2,0
117.0, elevID,0,  pos,0,  cmd, goto,-1
125.0,Elevator call,124.42557095980362,0,9,1,0, got allocated to elevator, 0
126.0,Elev,1,  arrived at src, 3, Elevator call,114.39235096774041,3,0,2,1
126.0, elevID,1,  pos,3,  cmd, goto,0
128.0,Elev,0,  arrived at src, -1, Elevator call,109.21352909346587,-1,0,2,0
128.0, elevID,0,  pos,-1,  cmd, goto,0
131.0,Elevator call,130.02495678190564,8,10,1,0, got allocated to elevator, 0
131.0,Elevator call,130.224911275492,-1,1,1,0, got allocated to elevator, 0
138.0,Elevator call,137.9515274326701,0,4,1,0, got allocated to elevator, 0
139.0,Elev,0,  arrived at dest, 0, this call is done!, Elevator call,109.21352909346587,-1,0,3,0, Done, dt, 29.786470906534134
139.0,Elev,0,  arrived at src, 0, Elevator call,124.42557095980362,0,9,2,0
139.0,Elev,0,  arrived at src, 0, Elevator call,137.9515274326701,0,4,2,0
139.0, elevID,0,  pos,0,  cmd, goto,-1
139.0,Elev,1,  arrived at dest, 0, this call is done!, Elevator call,114.39235096774041,3,0,3,1, Done, dt, 24.607649032259587
144.0, elevID,1,  pos,0,  cmd, goto,0
144.0,Elevator call,143.91335838799415,0,6,1,1, got allocated to elevator, 1
144.0,Elev,1,  arrived at src, 0, Elevator call,143.91335838799415,0,6,2,1
144.0, elevID,1,  pos,0,  cmd, goto,6
150.0,Elev,0,  arrived at src, -1, Elevator call,130.224911275492,-1,1,2,0
150.0, elevID,0,  pos,-1,  cmd, goto,0
160.0,Elev,1,  arrived at dest, 6, this call is done!, Elevator call,143.91335838799415,0,6,3,1, Done, dt, 16.08664161200585
161.0, elevID,0,  pos,0,  cmd, goto,0
162.0, elevID,0,  pos,0,  cmd, goto,1
170.0, elevID,1,  pos,6,  cmd, goto,-1
170.0,Elevator call,169.78458339380109,-1,0,1,1, got allocated to elevator, 1
171.0,Elevator call,170.0099620835246,0,6,1,0, got allocated to elevator, 0
172.0,Elevator call,171.21173315221364,-1,8,1,0, got allocated to elevator, 0
173.0,Elev,0,  arrived at dest, 1, this call is done!, Elevator call,130.224911275492,-1,1,3,0, Done, dt, 42.77508872450801
173.0, elevID,0,  pos,1,  cmd, goto,-1
175.0,Elevator call,174.84385152106802,0,-1,1,0, got allocated to elevator, 0
185.0,Elev,0,  arrived at src, -1, Elevator call,171.21173315221364,-1,8,2,0
185.0, elevID,0,  pos,-1,  cmd, goto,0
187.0,Elev,1,  arrived at src, -1, Elevator call,169.78458339380109,-1,0,2,1
187.0, elevID,1,  pos,-1,  cmd, goto,0
188.0,Elevator call,187.11678617348463,-1,-2,1,0, got allocated to elevator, 0
188.0,Elevator call,187.7299317966884,-1,-2,1,0, got allocated to elevator, 0
196.0,Elevator call,195.90869649656992,0,7,1,0, got allocated to elevator, 0
196.0,Elev,0,  arrived at src, 0, Elevator call,170.0099620835246,0,6,2,0
196.0,Elev,0,  arrived at src, 0, Elevator call,174.84385152106802,0,-1,2,0
196.0,Elev,0,  arrived at src, 0, Elevator call,195.90869649656992,0,7,2,0
196.0, elevID,0,  pos,0,  cmd, goto,0
197.0, elevID,0,  pos,0,  cmd, goto,4
198.0,Elevator call,197.5359191292572,-1,1,1,1, got allocated to elevator, 1
198.0,Elev,1,  arrived at dest, 0, this call is done!, Elevator call,169.78458339380109,-1,0,3,1, Done, dt, 28.215416606198914
198.0, elevID,1,  pos,0,  cmd, goto,-1
206.0,Elevator call,205.9895199338651,-1,0,1,1, got allocated to elevator, 1
209.0,Elev,1,  arrived at src, -1, Elevator call,197.5359191292572,-1,1,2,1
209.0,Elev,1,  arrived at src, -1, Elevator call,205.9895199338651,-1,0,2,1
209.0, elevID,1,  pos,-1,  cmd, goto,-1
210.0, elevID,1,  pos,-1,  cmd, goto,0
211.0,Elev,0,  arrived at dest, 4, this call is done!, Elevator call,104.13701241869234,0,4,3,0, Done, dt, 106.86298758130766
211.0,Elev,0,  arrived at dest, 4, this call is done!, Elevator call,137.9515274326701,0,4,3,0, Done, dt, 73.0484725673299
211.0, elevID,0,  pos,4,  cmd, goto,4
212.0, elevID,0,  pos,4,  cmd, goto,6
221.0,Elev,1,  arrived at dest, 0, this call is done!, Elevator call,205.9895199338651,-1,0,3,1, Done, dt, 15.010480066134903
221.0, elevID,1,  pos,0,  cmd, goto,1
224.0,Elev,0,  arrived at dest, 6, this call is done!, Elevator call,170.0099620835246,0,6,3,0, Done, dt, 53.99003791647539
224.0, elevID,0,  pos,6,  cmd, goto,7
228.0,Elevator call,227.0798304557929,-1,5,1,1, got allocated to elevator, 1
232.0,Elevator call,231.51578817426258,-1,0,1,1, got allocated to elevator, 1
232.0,Elev,1,  arrived at dest, 1, this call is done!, Elevator call,197.5359191292572,-1,1,3,1, Done, dt, 34.464080870742805
232.0, elevID,1,  pos,1,  cmd, goto,-1
233.0,Elevator call,232.95043623946805,0,-1,1,1, got allocated to elevator, 1
235.0,Elev,0,  arrived at dest, 7, this call is done!, Elevator call,195.90869649656992,0,7,3,0, Done, dt, 39.09130350343008
235.0, elevID,0,  pos,7,  cmd, goto,8
244.0,Elev,1,  arrived at src, -1, Elevator call,227.0798304557929,-1,5,2,1
244.0,Elev,1,  arrived at src, -1, Elevator call,231.51578817426258,-1,0,2,1
244.0, elevID,1,  pos,-1,  cmd, goto,-1
245.0, elevID,1,  pos,-1,  cmd, goto,0
246.0,Elev,0,  arrived at src, 8, Elevator call,130.02495678190564,8,10,2,0
246.0,Elev,0,  arrived at dest, 8, this call is done!, Elevator call,171.21173315221364,-1,8,3,0, Done, dt, 74.78826684778636
246.0, elevID,0,  pos,8,  cmd, goto,8
247.0, elevID,0,  pos,8,  cmd, goto,9
252.0,Elevator call,251.10444690749756,-1,-2,1,1, got allocated to elevator, 1
252.0,Elevator call,251.23593354161653,0,9,1,1, got allocated to elevator, 1
255.0,Elevator call,254.69771525200505,3,4,1,1, got allocated to elevator, 1
256.0,Elev,1,  arrived at dest, 0, this call is done!, Elevator call,231.51578817426258,-1,0,3,1, Done, dt, 24.484211825737418
256.0,Elev,1,  arrived at src, 0, Elevator call,232.95043623946805,0,-1,2,1
256.0,Elev,1,  arrived at src, 0, Elevator call,251.23593354161653,0,9,2,1
256.0, elevID,1,  pos,0,  cmd, goto,0
257.0, elevID,1,  pos,0,  cmd, goto,3
258.0,Elevator call,257.7974435335086,-1,0,1,1, got allocated to elevator, 1
258.0,Elev,0,  arrived at dest, 9, this call is done!, Elevator call,124.42557095980362,0,9,3,0, Done, dt, 133.57442904019638
258.0, elevID,0,  pos,9,  cmd, goto,10
269.0,Elev,0,  arrived at dest, 10, this call is done!, Elevator call,130.02495678190564,8,10,3,0, Done, dt, 138.97504321809436
269.0, elevID,0,  pos,10,  cmd, goto,0
270.0,Elev,1,  arrived at src, 3, Elevator call,254.69771525200505,3,4,2,1
270.0, elevID,1,  pos,3,  cmd, goto,-1
284.0,Elev,1,  arrived at dest, -1, this call is done!, Elevator call,232.95043623946805,0,-1,3,1, Done, dt, 51.04956376053195
284.0,Elev,1,  arrived at src, -1, Elevator call,251.10444690749756,-1,-2,2,1
284.0,Elev,1,  arrived at src, -1, Elevator call,257.7974435335086,-1,0,2,1
284.0, elevID,1,  pos,-1,  cmd, goto,0
289.0, elevID,0,  pos,0,  cmd, goto,-1
295.0,Elev,1,  arrived at dest, 0, this call is done!, Elevator call,257.7974435335086,-1,0,3,1, Done, dt, 37.20255646649139
295.0, elevID,1,  pos,0,  cmd, goto,4
296.0,Elevator call,295.7943356681491,0,1,1,1, got allocated to elevator, 1
300.0,Elev,0,  arrived at dest, -1, this call is done!, Elevator call,174.84385152106802,0,-1,3,0, Done, dt, 125.15614847893198
300.0,Elev,0,  arrived at src, -1, Elevator call,187.11678617348463,-1,-2,2,0
300.0,Elev,0,  arrived at src, -1, Elevator call,187.7299317966884,-1,-2,2,0
300.0, elevID,0,  pos,-1,  cmd, goto,-1
301.0, elevID,0,  pos,-1,  cmd, goto,-1
302.0, elevID,0,  pos,-1,  cmd, goto,-2
305.0,Elevator call,304.99843880775313,6,0,1,1, got allocated to elevator, 1
309.0,Elev,1,  arrived at dest, 4, this call is done!, Elevator call,254.69771525200505,3,4,3,1, Done, dt, 54.302284747994946
309.0, elevID,1,  pos,4,  cmd, goto,0
310.0,Elevator call,309.30053828560517,0,-1,1,0, got allocated to elevator, 0
313.0,Elevator call,312.30185564398687,0,-1,1,0, got allocated to elevator, 0
313.0,Elev,0,  arrived at dest, -2, this call is done!, Elevator call,187.11678617348463,-1,-2,3,0, Done, dt, 125.88321382651537
313.0,Elev,0,  arrived at dest, -2, this call is done!, Elevator call,187.7299317966884,-1,-2,3,0, Done, dt, 125.27006820331161
313.0, elevID,0,  pos,-2,  cmd, goto,0
317.0,Elevator call,316.03237827404377,0,-1,1,1, got allocated to elevator, 1
320.0,Elevator call,319.90520204415634,6,5,1,0, got allocated to elevator, 0
321.0,Elevator call,320.97607492210807,-1,0,1,0, got allocated to elevator, 0
322.0,Elevator call,321.37040904796595,7,-1,1,0, got allocated to elevator, 0
323.0,Elev,1,  arrived at src, 0, Elevator call,295.7943356681491,0,1,2,1
323.0,Elev,1,  arrived at src, 0, Elevator call,316.03237827404377,0,-1,2,1
323.0, elevID,1,  pos,0,  cmd, goto,1
325.0,Elev,0,  arrived at src, 0, Elevator call,309.30053828560517,0,-1,2,0
325.0,Elev,0,  arrived at src, 0, Elevator call,312.30185564398687,0,-1,2,0
325.0, elevID,0,  pos,0,  cmd, goto,7
333.0,Elevator call,332.4267319393355,0,10,1,1, got allocated to elevator, 1
334.0,Elev,1,  arrived at dest, 1, this call is done!, Elevator call,295.7943356681491,0,1,3,1, Done, dt, 38.205664331850926
334.0, elevID,1,  pos,1,  cmd, goto,0
337.0,Elevator call,336.93043046159545,-1,0,1,1, got allocated to elevator, 1
342.0,Elev,0,  arrived at src, 7, Elevator call,321.37040904796595,7,-1,2,0
342.0, elevID,0,  pos,7,  cmd, goto,6
345.0,Elev,1,  arrived at src, 0, Elevator call,332.4267319393355,0,10,2,1
345.0, elevID,1,  pos,0,  cmd, goto,-1
353.0,Elev,0,  arrived at src, 6, Elevator call,319.90520204415634,6,5,2,0
353.0, elevID,0,  pos,6,  cmd, goto,5
356.0,Elev,1,  arrived at dest, -1, this call is done!, Elevator call,316.03237827404377,0,-1,3,1, Done, dt, 39.967621725956235
356.0,Elev,1,  arrived at src, -1, Elevator call,336.93043046159545,-1,0,2,1
356.0, elevID,1,  pos,-1,  cmd, goto,0
364.0,Elev,0,  arrived at dest, 5, this call is done!, Elevator call,319.90520204415634,6,5,3,0, Done, dt, 44.09479795584366
364.0, elevID,0,  pos,5,  cmd, goto,0
367.0,Elev,1,  arrived at dest, 0, this call is done!, Elevator call,336.93043046159545,-1,0,3,1, Done, dt, 30.06956953840455
367.0, elevID,1,  pos,0,  cmd, goto,5
376.0,Elevator call,375.49048095381363,1,0,1,0, got allocated to elevator, 0
379.0, elevID,0,  pos,0,  cmd, goto,1
382.0,Elev,1,  arrived at dest, 5, this call is done!, Elevator call,227.0798304557929,-1,5,3,1, Done, dt, 154.9201695442071
382.0, elevID,1,  pos,5,  cmd, goto,9
390.0,Elev,0,  arrived at src, 1, Elevator call,375.49048095381363,1,0,2,0
390.0, elevID,0,  pos,1,  cmd, goto,0
393.0,Elevator call,392.5160764870397,0,5,1,0, got allocated to elevator, 0
396.0,Elev,1,  arrived at dest, 9, this call is done!, Elevator call,251.23593354161653,0,9,3,1, Done, dt, 144.76406645838347
396.0, elevID,1,  pos,9,  cmd, goto,10
401.0,Elev,0,  arrived at dest, 0, this call is done!, Elevator call,375.49048095381363,1,0,3,0, Done, dt, 25.50951904618637
401.0,Elev,0,  arrived at src, 0, Elevator call,392.5160764870397,0,5,2,0
401.0, elevID,0,  pos,0,  cmd, goto,-1
406.0,Elevator call,405.1821140884023,-1,10,1,0, got allocated to elevator, 0
407.0,Elev,1,  arrived at dest, 10, this call is done!, Elevator call,332.4267319393355,0,10,3,1, Done, dt, 74.57326806066447
407.0, elevID,1,  pos,10,  cmd, goto,6
412.0,Elev,0,  arrived at dest, -1, this call is done!, Elevator call,309.30053828560517,0,-1,3,0, Done, dt, 102.69946171439483
412.0,Elev,0,  arrived at dest, -1, this call is done!, Elevator call,312.30185564398687,0,-1,3,0, Done, dt, 99.69814435601313
412.0,Elev,0,  arrived at src, -1, Elevator call,320.97607492210807,-1,0,2,0
412.0,Elev,0,  arrived at dest, -1, this call is done!, Elevator call,321.37040904796595,7,-1,3,0, Done, dt, 90.62959095203405
412.0,Elev,0,  arrived at src, -1, Elevator call,405.1821140884023,-1,10,2,0
412.0, elevID,0,  pos,-1,  cmd, goto,-1
413.0, elevID,0,  pos,-1,  cmd, goto,-1
414.0, elevID,0,  pos,-1,  cmd, goto,-2
421.0,Elev,1,  arrived at src, 6, Elevator call,304.99843880775313,6,0,2,1
421.0, elevID,1,  pos,6,  cmd, goto,0
425.0, elevID,0,  pos,-2,  cmd, goto,-1
427.0,Elevator call,426.8615805478589,2,0,1,1, got allocated to elevator, 1
436.0, elevID,0,  pos,-1,  cmd, goto,-1
437.0, elevID,0,  pos,-1,  cmd, goto,0
437.0,Elev,1,  arrived at dest, 0, this call is done!, Elevator call,304.99843880775313,6,0,3,1, Done, dt, 132.00156119224687
437.0, elevID,1,  pos,0,  cmd, goto,2
438.0,Elevator call,437.17111576125836,1,0,1,1, got allocated to elevator, 1
448.0,Elev,0,  arrived at dest, 0, this call is done!, Elevator call,320.97607492210807,-1,0,3,0, Done, dt, 127.02392507789193
448.0, elevID,0,  pos,0,  cmd, goto,0
449.0, elevID,0,  pos,0,  cmd, goto,5
449.0,Elev,1,  arrived at src, 2, Elevator call,426.8615805478589,2,0,2,1
449.0, elevID,1,  pos,2,  cmd, goto,1
460.0,Elev,1,  arrived at src, 1, Elevator call,437.17111576125836,1,0,2,1
460.0, elevID,1,  pos,1,  cmd, goto,0
464.0,Elev,0,  arrived at dest, 5, this call is done!, Elevator call,392.5160764870397,0,5,3,0, Done, dt, 71.4839235129603
464.0, elevID,0,  pos,5,  cmd, goto,10
471.0,Elev,1,  arrived at dest, 0, this call is done!, Elevator call,426.8615805478589,2,0,3,1, Done, dt, 44.13841945214108
471.0,Elev,1,  arrived at dest, 0, this call is done!, Elevator call,437.17111576125836,1,0,3,1, Done, dt, 33.82888423874164
471.0, elevID,1,  pos,0,  cmd, goto,0
472.0, elevID,1,  pos,0,  cmd, goto,0
473.0,Elevator call,472.7445473930129,10,-1,1,0, got allocated to elevator, 0
473.0, elevID,1,  pos,0,  cmd, goto,0
474.0, elevID,1,  pos,0,  cmd, goto,-1
479.0,Elev,0,  arrived at dest, 10, this call is done!, Elevator call,405.1821140884023,-1,10,3,0, Done, dt, 73.81788591159773
479.0,Elev,0,  arrived at src, 10, Elevator call,472.7445473930129,10,-1,2,0
479.0, elevID,0,  pos,10,  cmd, goto,10
479.0, elevID,0,  pos,10,  cmd, goto,-1
485.0, elevID,1,  pos,-1,  cmd, goto,-1
486.0, elevID,1,  pos,-1,  cmd, goto,-1
487.0, elevID,1,  pos,-1,  cmd, goto,-2
498.0,Elev,1,  arrived at dest, -2, this call is done!, Elevator call,251.10444690749756,-1,-2,3,1, Done, dt, 246.89555309250244
500.0,Elev,0,  arrived at dest, -1, this call is done!, Elevator call,472.7445473930129,10,-1,3,0, Done, dt, 27.25545260698709
501.0, elevID,0,  pos,-1,  cmd, goto,8
501.0,Elevator call,500.3712044996745,8,-1,1,0, got allocated to elevator, 0
504.0, elevID,1,  pos,-2,  cmd, goto,1
504.0,Elevator call,503.13847841893045,1,-1,1,1, got allocated to elevator, 1
505.0,Elevator call,504.4317942159655,0,-1,1,0, got allocated to elevator, 0
517.0,Elev,1,  arrived at src, 1, Elevator call,503.13847841893045,1,-1,2,1
517.0, elevID,1,  pos,1,  cmd, goto,-1
520.0,Elev,0,  arrived at src, 8, Elevator call,500.3712044996745,8,-1,2,0
520.0, elevID,0,  pos,8,  cmd, goto,0
529.0,Elev,1,  arrived at dest, -1, this call is done!, Elevator call,503.13847841893045,1,-1,3,1, Done, dt, 25.861521581069553
530.0, elevID,1,  pos,-1,  cmd, goto,3
530.0,Elevator call,529.6277472128405,3,-1,1,1, got allocated to elevator, 1
538.0,Elevator call,537.7866883694313,-1,6,1,0, got allocated to elevator, 0
538.0,Elev,0,  arrived at src, 0, Elevator call,504.4317942159655,0,-1,2,0
538.0, elevID,0,  pos,0,  cmd, goto,-1
544.0,Elev,1,  arrived at src, 3, Elevator call,529.6277472128405,3,-1,2,1
544.0, elevID,1,  pos,3,  cmd, goto,-1
545.0,Elevator call,544.7880392034898,6,-1,1,1, got allocated to elevator, 1
549.0,Elev,0,  arrived at dest, -1, this call is done!, Elevator call,500.3712044996745,8,-1,3,0, Done, dt, 48.62879550032551
549.0,Elev,0,  arrived at dest, -1, this call is done!, Elevator call,504.4317942159655,0,-1,3,0, Done, dt, 44.56820578403449
549.0,Elev,0,  arrived at src, -1, Elevator call,537.7866883694313,-1,6,2,0
549.0, elevID,0,  pos,-1,  cmd, goto,-1
549.0, elevID,0,  pos,-1,  cmd, goto,-1
550.0, elevID,0,  pos,-1,  cmd, goto,6
555.0,Elevator call,554.0892922920482,4,0,1,0, got allocated to elevator, 0
558.0,Elevator call,557.2441390036331,10,0,1,0, got allocated to elevator, 0
558.0,Elev,1,  arrived at dest, -1, this call is done!, Elevator call,529.6277472128405,3,-1,3,1, Done, dt, 28.372252787159482
558.0, elevID,1,  pos,-1,  cmd, goto,6
566.0,Elevator call,565.0195521745534,0,-1,1,1, got allocated to elevator, 1
567.0,Elev,0,  arrived at dest, 6, this call is done!, Elevator call,537.7866883694313,-1,6,3,0, Done, dt, 29.213311630568683
567.0, elevID,0,  pos,6,  cmd, goto,10
575.0,Elev,1,  arrived at src, 6, Elevator call,544.7880392034898,6,-1,2,1
575.0, elevID,1,  pos,6,  cmd, goto,0
581.0,Elev,0,  arrived at src, 10, Elevator call,557.2441390036331,10,0,2,0
581.0, elevID,0,  pos,10,  cmd, goto,4
582.0,Elevator call,581.8703090238192,0,3,1,1, got allocated to elevator, 1
591.0,Elev,1,  arrived at src, 0, Elevator call,565.0195521745534,0,-1,2,1
591.0,Elev,1,  arrived at src, 0, Elevator call,581.8703090238192,0,3,2,1
591.0, elevID,1,  pos,0,  cmd, goto,-1
597.0,Elevator call,596.1232022872633,8,0,1,0, got allocated to elevator, 0
597.0,Elev,0,  arrived at src, 4, Elevator call,554.0892922920482,4,0,2,0
597.0, elevID,0,  pos,4,  cmd, goto,8
601.0,Elevator call,600.9312879686208,1,0,1,0, got allocated to elevator, 0
602.0,Elev,1,  arrived at dest, -1, this call is done!, Elevator call,544.7880392034898,6,-1,3,1, Done, dt, 57.2119607965102
602.0,Elev,1,  arrived at dest, -1, this call is done!, Elevator call,565.0195521745534,0,-1,3,1, Done, dt, 36.98044782544662
602.0, elevID,1,  pos,-1,  cmd, goto,-1
602.0, elevID,1,  pos,-1,  cmd, goto,0
604.0,Elevator call,603.9342326983083,7,0,1,0, got allocated to elevator, 0
611.0,Elev,0,  arrived at src, 8, Elevator call,596.1232022872633,8,0,2,0
611.0, elevID,0,  pos,8,  cmd, goto,7
613.0, elevID,1,  pos,0,  cmd, goto,3
618.0,Elevator call,617.9628338542149,0,3,1,1, got allocated to elevator, 1
620.0,Elevator call,619.6454196970012,9,0,1,0, got allocated to elevator, 0
622.0,Elev,0,  arrived at src, 7, Elevator call,603.9342326983083,7,0,2,0
622.0, elevID,0,  pos,7,  cmd, goto,9
626.0,Elev,1,  arrived at dest, 3, this call is done!, Elevator call,581.8703090238192,0,3,3,1, Done, dt, 44.12969097618077
626.0, elevID,1,  pos,3,  cmd, goto,0
627.0,Elevator call,626.2116172047942,0,1,1,1, got allocated to elevator, 1
634.0,Elev,0,  arrived at src, 9, Elevator call,619.6454196970012,9,0,2,0
634.0, elevID,0,  pos,9,  cmd, goto,1
639.0,Elev,1,  arrived at src, 0, Elevator call,617.9628338542149,0,3,2,1
639.0,Elev,1,  arrived at src, 0, Elevator call,626.2116172047942,0,1,2,1
639.0, elevID,1,  pos,0,  cmd, goto,0
640.0, elevID,1,  pos,0,  cmd, goto,1
644.0,Elevator call,643.8547514955396,-1,2,1,1, got allocated to elevator, 1
651.0,Elev,1,  arrived at dest, 1, this call is done!, Elevator call,626.2116172047942,0,1,3,1, Done, dt, 24.788382795205848
651.0, elevID,1,  pos,1,  cmd, goto,-1
652.0,Elev,0,  arrived at src, 1, Elevator call,600.9312879686208,1,0,2,0
652.0, elevID,0,  pos,1,  cmd, goto,0
661.0,Elevator call,660.0732907797126,6,10,1,1, got allocated to elevator, 1
662.0,Elevator call,661.0420820268716,-1,3,1,1, got allocated to elevator, 1
663.0,Elevator call,662.1730527520776,-1,5,1,1, got allocated to elevator, 1
663.0,Elev,0,  arrived at dest, 0, this call is done!, Elevator call,554.0892922920482,4,0,3,0, Done, dt, 108.91070770795181
663.0,Elev,0,  arrived at dest, 0, this call is done!, Elevator call,557.2441390036331,10,0,3,0, Done, dt, 105.75586099636689
663.0,Elev,0,  arrived at dest, 0, this call is done!, Elevator call,596.1232022872633,8,0,3,0, Done, dt, 66.87679771273667
663.0,Elev,0,  arrived at dest, 0, this call is done!, Elevator call,600.9312879686208,1,0,3,0, Done, dt, 62.068712031379164
663.0,Elev,0,  arrived at dest, 0, this call is done!, Elevator call,603.9342326983083,7,0,3,0, Done, dt, 59.06576730169172
663.0,Elev,0,  arrived at dest, 0, this call is done!, Elevator call,619.6454196970012,9,0,3,0, Done, dt, 43.354580302998784
663.0, elevID,0,  pos,0,  cmd, goto,0
663.0,Elev,1,  arrived at src, -1, Elevator call,643.8547514955396,-1,2,2,1
663.0,Elev,1,  arrived at src, -1, Elevator call,661.0420820268716,-1,3,2,1
663.0,Elev,1,  arrived at src, -1, Elevator call,662.1730527520776,-1,5,2,1
663.0, elevID,1,  pos,-1,  cmd, goto,-1
664.0, elevID,0,  pos,0,  cmd, goto,0
664.0, elevID,1,  pos,-1,  cmd, goto,-1
665.0, elevID,0,  pos,0,  cmd, goto,0
665.0, elevID,1,  pos,-1,  cmd, goto,2
666.0,Elevator call,665.1155548533167,-1,8,1,0, got allocated to elevator, 0
666.0, elevID,0,  pos,0,  cmd, goto,0
667.0,Elevator call,666.0340294605869,4,0,1,0, got allocated to elevator, 0
667.0,Elevator call,666.2411586665262,5,-1,1,0, got allocated to elevator, 0
667.0, elevID,0,  pos,0,  cmd, goto,5
673.0,Elevator call,672.677314157026,0,-1,1,0, got allocated to elevator, 0
678.0,Elevator call,677.7341948387335,0,-1,1,0, got allocated to elevator, 0
678.0,Elev,1,  arrived at dest, 2, this call is done!, Elevator call,643.8547514955396,-1,2,3,1, Done, dt, 34.14524850446037
678.0, elevID,1,  pos,2,  cmd, goto,3
679.0,Elevator call,678.9953584914538,-1,-2,1,0, got allocated to elevator, 0
682.0,Elev,0,  arrived at src, 5, Elevator call,666.2411586665262,5,-1,2,0
682.0, elevID,0,  pos,5,  cmd, goto,4
689.0,Elev,1,  arrived at dest, 3, this call is done!, Elevator call,617.9628338542149,0,3,3,1, Done, dt, 71.03716614578514
689.0,Elev,1,  arrived at dest, 3, this call is done!, Elevator call,661.0420820268716,-1,3,3,1, Done, dt, 27.95791797312836
689.0, elevID,1,  pos,3,  cmd, goto,3
690.0, elevID,1,  pos,3,  cmd, goto,5
693.0,Elev,0,  arrived at src, 4, Elevator call,666.0340294605869,4,0,2,0
693.0, elevID,0,  pos,4,  cmd, goto,0
696.0,Elevator call,695.2239881566923,0,10,1,0, got allocated to elevator, 0
702.0,Elev,1,  arrived at dest, 5, this call is done!, Elevator call,662.1730527520776,-1,5,3,1, Done, dt, 39.82694724792236
702.0, elevID,1,  pos,5,  cmd, goto,6
707.0,Elevator call,706.1583474999188,-1,-2,1,0, got allocated to elevator, 0
707.0,Elev,0,  arrived at dest, 0, this call is done!, Elevator call,666.0340294605869,4,0,3,0, Done, dt, 40.96597053941309
707.0,Elev,0,  arrived at src, 0, Elevator call,672.677314157026,0,-1,2,0
707.0,Elev,0,  arrived at src, 0, Elevator call,677.7341948387335,0,-1,2,0
707.0,Elev,0,  arrived at src, 0, Elevator call,695.2239881566923,0,10,2,0
707.0, elevID,0,  pos,0,  cmd, goto,0
708.0, elevID,0,  pos,0,  cmd, goto,0
709.0, elevID,0,  pos,0,  cmd, goto,0
710.0, elevID,0,  pos,0,  cmd, goto,-1
711.0,Elevator call,710.3249770041223,0,1,1,0, got allocated to elevator, 0
713.0,Elev,1,  arrived at src, 6, Elevator call,660.0732907797126,6,10,2,1
713.0, elevID,1,  pos,6,  cmd, goto,10
714.0,Elevator call,713.0191971398395,1,0,1,0, got allocated to elevator, 0
714.0,Elevator call,713.2499766424826,10,-1,1,1, got allocated to elevator, 1
721.0,Elev,0,  arrived at src, -1, Elevator call,665.1155548533167,-1,8,2,0
721.0,Elev,0,  arrived at dest, -1, this call is done!, Elevator call,666.2411586665262,5,-1,3,0, Done, dt, 54.75884133347381
721.0,Elev,0,  arrived at dest, -1, this call is done!, Elevator call,672.677314157026,0,-1,3,0, Done, dt, 48.32268584297401
721.0,Elev,0,  arrived at dest, -1, this call is done!, Elevator call,677.7341948387335,0,-1,3,0, Done, dt, 43.265805161266485
721.0,Elev,0,  arrived at src, -1, Elevator call,678.9953584914538,-1,-2,2,0
721.0,Elev,0,  arrived at src, -1, Elevator call,706.1583474999188,-1,-2,2,0
721.0, elevID,0,  pos,-1,  cmd, goto,1
723.0,Elevator call,722.6161212799507,10,0,1,1, got allocated to elevator, 1
727.0,Elev,1,  arrived at dest, 10, this call is done!, Elevator call,660.0732907797126,6,10,3,1, Done, dt, 66.92670922028742
727.0,Elev,1,  arrived at src, 10, Elevator call,713.2499766424826,10,-1,2,1
727.0,Elev,1,  arrived at src, 10, Elevator call,722.6161212799507,10,0,2,1
727.0, elevID,1,  pos,10,  cmd, goto,10
727.0, elevID,1,  pos,10,  cmd, goto,10
728.0,Elevator call,727.514602863032,-1,0,1,0, got allocated to elevator, 0
728.0, elevID,1,  pos,10,  cmd, goto,0
733.0,Elevator call,732.9746341348998,6,-1,1,1, got allocated to elevator, 1
733.0,Elev,0,  arrived at src, 1, Elevator call,713.0191971398395,1,0,2,0
733.0, elevID,0,  pos,1,  cmd, goto,0
738.0,Elevator call,737.314720213409,1,0,1,1, got allocated to elevator, 1
744.0,Elev,0,  arrived at src, 0, Elevator call,710.3249770041223,0,1,2,0
744.0,Elev,0,  arrived at dest, 0, this call is done!, Elevator call,713.0191971398395,1,0,3,0, Done, dt, 30.980802860160452
744.0, elevID,0,  pos,0,  cmd, goto,-1
748.0,Elev,1,  arrived at dest, 0, this call is done!, Elevator call,722.6161212799507,10,0,3,1, Done, dt, 25.383878720049324
748.0, elevID,1,  pos,0,  cmd, goto,6
755.0,Elev,0,  arrived at src, -1, Elevator call,727.514602863032,-1,0,2,0
755.0, elevID,0,  pos,-1,  cmd, goto,-1
756.0, elevID,0,  pos,-1,  cmd, goto,-1
757.0, elevID,0,  pos,-1,  cmd, goto,-1
758.0, elevID,0,  pos,-1,  cmd, goto,-2
764.0,Elev,1,  arrived at src, 6, Elevator call,732.9746341348998,6,-1,2,1
764.0, elevID,1,  pos,6,  cmd, goto,1
769.0,Elev,0,  arrived at dest, -2, this call is done!, Elevator call,678.9953584914538,-1,-2,3,0, Done, dt, 90.00464150854623
769.0,Elev,0,  arrived at dest, -2, this call is done!, Elevator call,706.1583474999188,-1,-2,3,0, Done, dt, 62.84165250008118
769.0, elevID,0,  pos,-2,  cmd, goto,-2
769.0, elevID,0,  pos,-2,  cmd, goto,-1
779.0,Elev,1,  arrived at src, 1, Elevator call,737.314720213409,1,0,2,1
779.0, elevID,1,  pos,1,  cmd, goto,0
780.0,Elevator call,779.399691386574,-1,5,1,0, got allocated to elevator, 0
780.0,Elev,0,  arrived at src, -1, Elevator call,779.399691386574,-1,5,2,0
780.0, elevID,0,  pos,-1,  cmd, goto,-1
781.0, elevID,0,  pos,-1,  cmd, goto,-1
782.0, elevID,0,  pos,-1,  cmd, goto,0
790.0,Elev,1,  arrived at dest, 0, this call is done!, Elevator call,737.314720213409,1,0,3,1, Done, dt, 52.68527978659097
790.0, elevID,1,  pos,0,  cmd, goto,-1
793.0,Elev,0,  arrived at dest, 0, this call is done!, Elevator call,727.514602863032,-1,0,3,0, Done, dt, 65.485397136968
793.0, elevID,0,  pos,0,  cmd, goto,0
794.0, elevID,0,  pos,0,  cmd, goto,0
795.0, elevID,0,  pos,0,  cmd, goto,1
801.0,Elev,1,  arrived at dest, -1, this call is done!, Elevator call,713.2499766424826,10,-1,3,1, Done, dt, 87.75002335751742
801.0,Elev,1,  arrived at dest, -1, this call is done!, Elevator call,732.9746341348998,6,-1,3,1, Done, dt, 68.02536586510018
801.0, elevID,1,  pos,-1,  cmd, goto,-1
806.0, elevID,1,  pos,-1,  cmd, goto,-1
806.0,Elevator call,805.6754743307536,-1,-2,1,1, got allocated to elevator, 1
806.0,Elev,0,  arrived at dest, 1, this call is done!, Elevator call,710.3249770041223,0,1,3,0, Done, dt, 95.67502299587773
806.0, elevID,0,  pos,1,  cmd, goto,5
806.0,Elev,1,  arrived at src, -1, Elevator call,805.6754743307536,-1,-2,2,1
806.0, elevID,1,  pos,-1,  cmd, goto,-2
811.0,Elevator call,810.4469089359914,2,0,1,0, got allocated to elevator, 0
817.0,Elevator call,816.1516998390152,7,-1,1,0, got allocated to elevator, 0
817.0,Elev,1,  arrived at dest, -2, this call is done!, Elevator call,805.6754743307536,-1,-2,3,1, Done, dt, 11.32452566924644
820.0,Elev,0,  arrived at dest, 5, this call is done!, Elevator call,779.399691386574,-1,5,3,0, Done, dt, 40.60030861342602
820.0, elevID,0,  pos,5,  cmd, goto,8
826.0, elevID,1,  pos,-2,  cmd, goto,7
826.0,Elevator call,825.4575184586336,7,0,1,1, got allocated to elevator, 1
833.0,Elev,0,  arrived at dest, 8, this call is done!, Elevator call,665.1155548533167,-1,8,3,0, Done, dt, 167.88444514668333
833.0, elevID,0,  pos,8,  cmd, goto,10
840.0,Elevator call,839.8525652620532,0,1,1,1, got allocated to elevator, 1
845.0,Elev,0,  arrived at dest, 10, this call is done!, Elevator call,695.2239881566923,0,10,3,0, Done, dt, 149.77601184330774
845.0, elevID,0,  pos,10,  cmd, goto,7
845.0,Elev,1,  arrived at src, 7, Elevator call,825.4575184586336,7,0,2,1
845.0, elevID,1,  pos,7,  cmd, goto,0
855.0,Elevator call,854.2002278085795,6,-1,1,0, got allocated to elevator, 0
858.0,Elev,0,  arrived at src, 7, Elevator call,816.1516998390152,7,-1,2,0
858.0, elevID,0,  pos,7,  cmd, goto,6
862.0,Elev,1,  arrived at dest, 0, this call is done!, Elevator call,825.4575184586336,7,0,3,1, Done, dt, 36.54248154136644
862.0,Elev,1,  arrived at src, 0, Elevator call,839.8525652620532,0,1,2,1
862.0, elevID,1,  pos,0,  cmd, goto,0
863.0, elevID,1,  pos,0,  cmd, goto,1
864.0,Elevator call,863.893291272948,0,-1,1,0, got allocated to elevator, 0
869.0,Elev,0,  arrived at src, 6, Elevator call,854.2002278085795,6,-1,2,0
869.0, elevID,0,  pos,6,  cmd, goto,2
871.0,Elevator call,870.5053023797483,0,7,1,1, got allocated to elevator, 1
874.0,Elev,1,  arrived at dest, 1, this call is done!, Elevator call,839.8525652620532,0,1,3,1, Done, dt, 34.14743473794681
874.0, elevID,1,  pos,1,  cmd, goto,0
883.0,Elev,0,  arrived at src, 2, Elevator call,810.4469089359914,2,0,2,0
883.0, elevID,0,  pos,2,  cmd, goto,0
885.0,Elev,1,  arrived at src, 0, Elevator call,870.5053023797483,0,7,2,1
885.0, elevID,1,  pos,0,  cmd, goto,7
887.0,Elevator call,886.5649993239458,-1,-2,1,0, got allocated to elevator, 0
893.0,Elevator call,892.5212150591021,9,-1,1,1, got allocated to elevator, 1
895.0,Elev,0,  arrived at dest, 0, this call is done!, Elevator call,810.4469089359914,2,0,3,0, Done, dt, 84.55309106400864
895.0,Elev,0,  arrived at src, 0, Elevator call,863.893291272948,0,-1,2,0
895.0, elevID,0,  pos,0,  cmd, goto,0
896.0, elevID,0,  pos,0,  cmd, goto,-1
902.0,Elev,1,  arrived at dest, 7, this call is done!, Elevator call,870.5053023797483,0,7,3,1, Done, dt, 31.494697620251713
902.0, elevID,1,  pos,7,  cmd, goto,9
907.0,Elev,0,  arrived at dest, -1, this call is done!, Elevator call,816.1516998390152,7,-1,3,0, Done, dt, 90.84830016098476
907.0,Elev,0,  arrived at dest, -1, this call is done!, Elevator call,854.2002278085795,6,-1,3,0, Done, dt, 52.799772191420516
907.0,Elev,0,  arrived at dest, -1, this call is done!, Elevator call,863.893291272948,0,-1,3,0, Done, dt, 43.10670872705202
907.0,Elev,0,  arrived at src, -1, Elevator call,886.5649993239458,-1,-2,2,0
907.0, elevID,0,  pos,-1,  cmd, goto,-1
908.0, elevID,0,  pos,-1,  cmd, goto,-1
909.0, elevID,0,  pos,-1,  cmd, goto,-1
910.0, elevID,0,  pos,-1,  cmd, goto,-2
911.0,Elevator call,910.5388559417848,6,5,1,1, got allocated to elevator, 1
914.0,Elev,1,  arrived at src, 9, Elevator call,892.5212150591021,9,-1,2,1
914.0, elevID,1,  pos,9,  cmd, goto,6
916.0,Elevator call,915.9490574608818,4,-1,1,1, got allocated to elevator, 1
921.0,Elev,0,  arrived at dest, -2, this call is done!, Elevator call,886.5649993239458,-1,-2,3,0, Done, dt, 34.43500067605419
927.0,Elev,1,  arrived at src, 6, Elevator call,910.5388559417848,6,5,2,1
927.0, elevID,1,  pos,6,  cmd, goto,5
934.0, elevID,0,  pos,-2,  cmd, goto,7
934.0,Elevator call,933.8580452488764,7,5,1,0, got allocated to elevator, 0
938.0,Elev,1,  arrived at dest, 5, this call is done!, Elevator call,910.5388559417848,6,5,3,1, Done, dt, 27.461144058215154
938.0, elevID,1,  pos,5,  cmd, goto,4
949.0,Elev,1,  arrived at src, 4, Elevator call,915.9490574608818,4,-1,2,1
949.0, elevID,1,  pos,4,  cmd, goto,-1
953.0,Elev,0,  arrived at src, 7, Elevator call,933.8580452488764,7,5,2,0
953.0, elevID,0,  pos,7,  cmd, goto,5
962.0,Elevator call,961.6862855708133,6,-1,1,0, got allocated to elevator, 0
964.0,Elev,1,  arrived at dest, -1, this call is done!, Elevator call,892.5212150591021,9,-1,3,1, Done, dt, 71.47878494089787
964.0,Elev,1,  arrived at dest, -1, this call is done!, Elevator call,915.9490574608818,4,-1,3,1, Done, dt, 48.05094253911818
964.0, elevID,1,  pos,-1,  cmd, goto,-1
965.0,Elev,0,  arrived at dest, 5, this call is done!, Elevator call,933.8580452488764,7,5,3,0, Done, dt, 31.14195475112365
965.0, elevID,0,  pos,5,  cmd, goto,6
973.0, elevID,1,  pos,-1,  cmd, goto,1
973.0,Elevator call,972.8032126022729,1,0,1,1, got allocated to elevator, 1
976.0,Elevator call,975.8361202753667,0,-1,1,0, got allocated to elevator, 0
976.0,Elev,0,  arrived at src, 6, Elevator call,961.6862855708133,6,-1,2,0
976.0, elevID,0,  pos,6,  cmd, goto,0
979.0,Elevator call,978.5925148564796,10,0,1,0, got allocated to elevator, 0
979.0,Elevator call,978.6210500641439,10,-1,1,0, got allocated to elevator, 0
985.0,Elevator call,984.1840185574983,7,0,1,1, got allocated to elevator, 1
985.0,Elev,1,  arrived at src, 1, Elevator call,972.8032126022729,1,0,2,1
985.0, elevID,1,  pos,1,  cmd, goto,7
992.0,Elev,0,  arrived at src, 0, Elevator call,975.8361202753667,0,-1,2,0
992.0, elevID,0,  pos,0,  cmd, goto,10
1000.0,************* Simulation Ended ************
Code Owners,211909940,208240754,  Case,2,  Total waiting time: 5961.792822120195,  average waiting time per call: 59.61792822120194,  unCompleted calls,6,  certificate, -2124798372
